<?xml version="1.0" encoding="UTF-8"?>
<!-- Generated by org.testng.reporters.JUnitReportReporter -->
<testsuite hostname="ESPLFAIT00704" failures="0" tests="3" name="StepsDefinition.Runner.Runner" time="43.888" errors="0" timestamp="2024-11-30T20:12:36 IST" skipped="0">
  <testcase classname="StepsDefinition.Runner.Runner" name="runScenario" time="16.763"/>
  <testcase classname="StepsDefinition.Runner.Runner" name="runScenario" time="14.405"/>
  <testcase classname="StepsDefinition.Runner.Runner" name="runScenario" time="12.720"/>
</testsuite> <!-- StepsDefinition.Runner.Runner -->
