<?xml version="1.0" encoding="UTF-8"?>
<!-- Generated by org.testng.reporters.JUnitReportReporter -->
<testsuite hostname="ESPLFAIT00704" failures="0" tests="1" name="StepsDefinition.Runner" time="11.265" errors="0" timestamp="2024-11-30T19:23:26 IST" skipped="0">
  <testcase classname="StepsDefinition.Runner" name="runScenario" time="11.265"/>
</testsuite> <!-- StepsDefinition.Runner -->
